<?xml version="1.0" encoding="UTF-8"?>
<testsuite xmlns:xsi="http://www.w3.org/2001/XMLSchema-instance" xsi:noNamespaceSchemaLocation="https://maven.apache.org/surefire/maven-surefire-plugin/xsd/surefire-test-report.xsd" name="org.basicTest.runner.CucumberPerFeatureRunner" time="57.365" tests="6" errors="0" skipped="0" failures="0">
  <properties>
[...]
</properties>
  <testcase name="Check Home page" classname="org.basicTest.runner.CucumberPerFeatureRunner" time="8.657"/>
  <testcase name="Check login functionality" classname="org.basicTest.runner.CucumberPerFeatureRunner" time="6.939"/>
  <testcase name="Check make an appointment functionality" classname="org.basicTest.runner.CucumberPerFeatureRunner" time="9.886"/>
  <testcase name="Check number of menu items before login and after login" classname="org.basicTest.runner.CucumberPerFeatureRunner" time="10.236"/>
  <testcase name="Check history page and verify previously created appointment record" classname="org.basicTest.runner.CucumberPerFeatureRunner" time="10.569"/>
  <testcase name="Check logout functionality" classname="org.basicTest.runner.CucumberPerFeatureRunner" time="8.157"/>
</testsuite>